{"C:\\Users\\ilya1\\OneDrive\\Рабочий стол\\Учёба python\\JavaScript\\hw_object2\\src\\js\\destructor.js": {"path":"C:\\Users\\ilya1\\OneDrive\\Рабочий стол\\Учёба python\\JavaScript\\hw_object2\\src\\js\\destructor.js","statementMap":{"0":{"start":{"line":3,"column":22},"end":{"line":3,"column":24}},"1":{"start":{"line":4,"column":38},"end":{"line":4,"column":48}},"2":{"start":{"line":6,"column":2},"end":{"line":12,"column":3}},"3":{"start":{"line":7,"column":66},"end":{"line":7,"column":72}},"4":{"start":{"line":9,"column":4},"end":{"line":11,"column":7}},"5":{"start":{"line":14,"column":2},"end":{"line":14,"column":21}}},"fnMap":{"0":{"name":"Characterdestructuring","decl":{"start":{"line":2,"column":16},"end":{"line":2,"column":38}},"loc":{"start":{"line":2,"column":51},"end":{"line":15,"column":1}},"line":2}},"branchMap":{"0":{"loc":{"start":{"line":7,"column":20},"end":{"line":7,"column":55}},"type":"default-arg","locations":[{"start":{"line":7,"column":34},"end":{"line":7,"column":55}}],"line":7}},"s":{"0":1,"1":1,"2":1,"3":2,"4":2,"5":1},"f":{"0":1},"b":{"0":[1]},"_coverageSchema":"1a1c01bbd47fc00a2c39e90264f33305004495a9","hash":"088a58b198776b03fdb0dc8a62aa1c3089702167"}
}
